101.03.14 16:57 B D:\new_www\examples\10moxal.zip <-- ftp.nittany-scientific.com /examples 10moxal.zip
101.03.14 16:57 B D:\new_www\examples\15edzph2.zip <-- ftp.nittany-scientific.com /examples 15edzph2.zip
101.03.14 16:57 B D:\new_www\examples\2lqful10.zip <-- ftp.nittany-scientific.com /examples 2lqful10.zip
101.03.14 16:57 B D:\new_www\examples\2lqsdi10.zip <-- ftp.nittany-scientific.com /examples 2lqsdi10.zip
101.03.14 16:57 B D:\new_www\examples\2lqssq10.zip <-- ftp.nittany-scientific.com /examples 2lqssq10.zip
101.03.14 16:57 B D:\new_www\examples\2lyagi20.zip <-- ftp.nittany-scientific.com /examples 2lyagi20.zip
101.03.14 16:57 B D:\new_www\examples\2lygcl10.zip <-- ftp.nittany-scientific.com /examples 2lygcl10.zip
101.03.14 16:57 B D:\new_www\examples\3lyagi20.zip <-- ftp.nittany-scientific.com /examples 3lyagi20.zip
101.03.14 16:57 B D:\new_www\examples\7lyagi10.zip <-- ftp.nittany-scientific.com /examples 7lyagi10.zip
101.03.14 16:57 B D:\new_www\examples\80hsbeam.zip <-- ftp.nittany-scientific.com /examples 80hsbeam.zip
101.03.14 16:57 B D:\new_www\examples\80rdbeam.zip <-- ftp.nittany-scientific.com /examples 80rdbeam.zip
101.03.14 16:57 B D:\new_www\examples\80rtbeam.zip <-- ftp.nittany-scientific.com /examples 80rtbeam.zip
101.03.14 16:57 B D:\new_www\examples\bowtie.zip <-- ftp.nittany-scientific.com /examples bowtie.zip
101.03.14 16:57 B D:\new_www\examples\caphat10.zip <-- ftp.nittany-scientific.com /examples caphat10.zip
101.03.14 16:57 B D:\new_www\examples\cedzph10.zip <-- ftp.nittany-scientific.com /examples cedzph10.zip
101.03.14 16:57 B D:\new_www\examples\deltb40.zip <-- ftp.nittany-scientific.com /examples deltb40.zip
101.03.14 16:57 B D:\new_www\examples\delts40.zip <-- ftp.nittany-scientific.com /examples delts40.zip
101.03.14 16:57 B D:\new_www\examples\dipole.zip <-- ftp.nittany-scientific.com /examples dipole.zip
101.03.14 16:57 B D:\new_www\examples\dplltr10.zip <-- ftp.nittany-scientific.com /examples dplltr10.zip
101.03.14 16:57 B D:\new_www\examples\dpllve10.zip <-- ftp.nittany-scientific.com /examples dpllve10.zip
101.03.14 16:57 B D:\new_www\examples\edz12.zip <-- ftp.nittany-scientific.com /examples edz12.zip
101.03.14 16:57 B D:\new_www\examples\examples.htm <-- ftp.nittany-scientific.com /examples examples.htm
101.03.14 16:57 B D:\new_www\examples\fan1022.zip <-- ftp.nittany-scientific.com /examples fan1022.zip
101.03.14 16:57 B D:\new_www\examples\fanndp10.zip <-- ftp.nittany-scientific.com /examples fanndp10.zip
101.03.14 16:57 B D:\new_www\examples\fanwdp10.zip <-- ftp.nittany-scientific.com /examples fanwdp10.zip
101.03.14 16:57 B D:\new_www\examples\flddpl10.zip <-- ftp.nittany-scientific.com /examples flddpl10.zip
101.03.14 16:57 B D:\new_www\examples\gpflat2m.zip <-- ftp.nittany-scientific.com /examples gpflat2m.zip
101.03.14 16:57 B D:\new_www\examples\gpslop2m.zip <-- ftp.nittany-scientific.com /examples gpslop2m.zip
101.03.14 16:57 B D:\new_www\examples\halfsq2m.zip <-- ftp.nittany-scientific.com /examples halfsq2m.zip
101.03.14 16:57 B D:\new_www\examples\halfsq40.zip <-- ftp.nittany-scientific.com /examples halfsq40.zip
101.03.14 16:57 B D:\new_www\examples\l40med.zip <-- ftp.nittany-scientific.com /examples l40med.zip
101.03.14 16:57 B D:\new_www\examples\lpda.zip <-- ftp.nittany-scientific.com /examples lpda.zip
101.03.14 16:57 B D:\new_www\examples\monopole.zip <-- ftp.nittany-scientific.com /examples monopole.zip
101.03.14 16:57 B D:\new_www\examples\moxon20.zip <-- ftp.nittany-scientific.com /examples moxon20.zip
101.03.14 16:57 B D:\new_www\examples\op201510.zip <-- ftp.nittany-scientific.com /examples op201510.zip
101.03.14 16:57 B D:\new_www\examples\p10.zip <-- ftp.nittany-scientific.com /examples p10.zip
101.03.14 16:57 B D:\new_www\examples\quad5b10.zip <-- ftp.nittany-scientific.com /examples quad5b10.zip
101.03.14 16:57 B D:\new_www\examples\rectb40.zip <-- ftp.nittany-scientific.com /examples rectb40.zip
101.03.14 16:57 B D:\new_www\examples\rects40.zip <-- ftp.nittany-scientific.com /examples rects40.zip
101.03.14 16:57 B D:\new_www\examples\surpatch.zip <-- ftp.nittany-scientific.com /examples surpatch.zip
101.03.14 16:57 B D:\new_www\examples\v.zip <-- ftp.nittany-scientific.com /examples v.zip
101.03.14 16:57 B D:\new_www\examples\vee40.zip <-- ftp.nittany-scientific.com /examples vee40.zip
101.03.14 16:57 B D:\new_www\examples\wiryag30.zip <-- ftp.nittany-scientific.com /examples wiryag30.zip
101.03.14 16:57 B D:\new_www\examples\y1217bb.zip <-- ftp.nittany-scientific.com /examples y1217bb.zip
101.03.14 16:57 B D:\new_www\examples\y2015.zip <-- ftp.nittany-scientific.com /examples y2015.zip
101.03.14 16:57 B D:\new_www\examples\y6mhg.zip <-- ftp.nittany-scientific.com /examples y6mhg.zip
101.03.14 16:57 B D:\new_www\examples\y6mwb.zip <-- ftp.nittany-scientific.com /examples y6mwb.zip
101.03.14 16:57 B D:\new_www\examples\yagi.zip <-- ftp.nittany-scientific.com /examples yagi.zip
101.03.14 16:57 B D:\new_www\examples\zl1le10.zip <-- ftp.nittany-scientific.com /examples zl1le10.zip
101.03.14 16:57 B D:\new_www\examples\zlfd1a10.zip <-- ftp.nittany-scientific.com /examples zlfd1a10.zip
101.03.14 16:57 B D:\new_www\examples\zlfd1b10.zip <-- ftp.nittany-scientific.com /examples zlfd1b10.zip
101.03.14 16:57 B D:\new_www\examples\zlspdp10.zip <-- ftp.nittany-scientific.com /examples zlspdp10.zip
101.03.15 03:38 B D:\new_www\examples\10moxal.zip --> nittany-scientific.com /htdocs/examples 10moxal.zip
